<?xml version="1.0" encoding="UTF-8"?>
<testsuite name="JUnit Jupiter" tests="6" skipped="0" failures="0" errors="0" time="0.064" hostname="DESKTOP-LE0PQ4K" timestamp="2018-10-10T14:55:22">
<properties>
<property name="awt.toolkit" value="sun.awt.windows.WToolkit"/>
<property name="file.encoding" value="windows-1252"/>
<property name="file.encoding.pkg" value="sun.io"/>
<property name="file.separator" value="\"/>
<property name="java.awt.graphicsenv" value="sun.awt.Win32GraphicsEnvironment"/>
<property name="java.awt.printerjob" value="sun.awt.windows.WPrinterJob"/>
<property name="java.class.path" value="C:\Users\Vlad\Projects\pcl-java\build\classes\java\test;C:\Users\Vlad\Projects\pcl-java\build\resources\test;C:\Users\Vlad\Projects\pcl-java\build\classes\java\main;C:\Users\Vlad\Projects\pcl-java\build\resources\main;C:\Users\Vlad\.gradle\caches\modules-2\files-2.1\org.junit.jupiter\junit-jupiter-engine\5.1.0\c54b96b465bb5b49c7708d734a4180dd95422754\junit-jupiter-engine-5.1.0.jar;C:\Users\Vlad\.gradle\caches\modules-2\files-2.1\org.junit.jupiter\junit-jupiter-api\5.1.0\370218fbc7ce9cf0600c4b5db400bccdf0c01a48\junit-jupiter-api-5.1.0.jar;C:\Users\Vlad\.gradle\caches\modules-2\files-2.1\org.junit.platform\junit-platform-engine\1.1.0\2596bd4d909e7ea8d029272db4338075445d731b\junit-platform-engine-1.1.0.jar;C:\Users\Vlad\.gradle\caches\modules-2\files-2.1\org.junit.platform\junit-platform-commons\1.1.0\d6aa21029f9cedfb4cc8a9e9efc0bd97987205b8\junit-platform-commons-1.1.0.jar;C:\Users\Vlad\.gradle\caches\modules-2\files-2.1\org.apiguardian\apiguardian-api\1.0.0\3ef5276905e36f4d8055fe3cb0bdcc7503ffc85d\apiguardian-api-1.0.0.jar;C:\Users\Vlad\.gradle\caches\modules-2\files-2.1\org.opentest4j\opentest4j\1.0.0\6f09c598e9ff64bf0ce2fa7e7de49a99ba83c0b4\opentest4j-1.0.0.jar;C:\Users\Vlad\.gradle\caches\modules-2\files-2.1\org.junit.platform\junit-platform-console\1.1.0\1ea376db54ab4ec0018c5e99d414e1c7c034387\junit-platform-console-1.1.0.jar;C:\Users\Vlad\.gradle\caches\modules-2\files-2.1\org.junit.platform\junit-platform-launcher\1.1.0\ba098edde4e59cacd9225e238ea3ad9c946684ab\junit-platform-launcher-1.1.0.jar"/>
<property name="java.class.version" value="52.0"/>
<property name="java.endorsed.dirs" value="C:\Program Files\Java\jdk1.8.0_181\jre\lib\endorsed"/>
<property name="java.ext.dirs" value="C:\Program Files\Java\jdk1.8.0_181\jre\lib\ext;C:\WINDOWS\Sun\Java\lib\ext"/>
<property name="java.home" value="C:\Program Files\Java\jdk1.8.0_181\jre"/>
<property name="java.io.tmpdir" value="C:\Users\Vlad\AppData\Local\Temp\"/>
<property name="java.library.path" value="C:\Program Files\Java\jdk1.8.0_181\bin;C:\WINDOWS\Sun\Java\bin;C:\WINDOWS\system32;C:\WINDOWS;C:\cmder\bin;C:\cmder\vendor\conemu-maximus5\ConEmu\Scripts;C:\cmder\vendor\conemu-maximus5;C:\cmder\vendor\conemu-maximus5\ConEmu;C:\Program Files (x86)\NVIDIA Corporation\PhysX\Common;C:\Program Files (x86)\Intel\Intel(R) Management Engine Components\iCLS\;C:\Program Files\Intel\Intel(R) Management Engine Components\iCLS\;C:\Program Files (x86)\Common Files\Oracle\Java\javapath;C:\WINDOWS\system32;C:\WINDOWS;C:\WINDOWS\System32\Wbem;C:\WINDOWS\System32\WindowsPowerShell\v1.0\;C:\Program Files\nodejs\;C:\WINDOWS\System32\OpenSSH\;C:\Program Files\dotnet\;C:\Program Files\Git\cmd;C:\Android;C:\Windows\System32;C:\Program Files (x86)\Intel\Intel(R) Management Engine Components\DAL;C:\Program Files\Intel\Intel(R) Management Engine Components\DAL;C:\Users\Vlad\.windows-build-tools\python27\;C:\Program Files\nodejs\node_modules\npm\node_modules\npm-lifecycle\node-gyp-bin;C:\Users\Vlad\AppData\Roaming\npm\node_modules\windows-build-tools\node_modules\.bin;C:\Users\Vlad\AppData\Roaming\npm\node_modules\.bin;C:\Program Files (x86)\Common Files\Oracle\Java\javapath;C:\WINDOWS\system32;C:\WINDOWS;C:\WINDOWS\System32\Wbem;C:\WINDOWS\System32\WindowsPowerShell\v1.0\;C:\Program Files\nodejs\;C:\WINDOWS\System32\OpenSSH\;C:\Program Files\dotnet\;C:\Program Files\Git\cmd;C:\Users\Vlad\AppData\Local\Programs\Python\Python37-32\Scripts\;C:\Users\Vlad\AppData\Local\Programs\Python\Python37-32\;C:\Users\Vlad\AppData\Local\Microsoft\WindowsApps;C:\Users\Vlad\AppData\Roaming\npm;C:\Program Files\CMake\bin;C:\Program Files\MongoDB\Server\4.0\bin;C:\Users\Vlad\AppData\Local\Programs\Microsoft VS Code\bin;C:\apache-maven-3.5.4\bin;C:\Program Files\Java\jdk1.8.0_181\bin;C:\apache-maven-3.5.4\bin;C:\gradle-4.10.2\bin;C:\Program Files\Git\mingw64;C:\Program Files\Git\usr\bin;C:\cmder;."/>
<property name="java.runtime.name" value="Java(TM) SE Runtime Environment"/>
<property name="java.runtime.version" value="1.8.0_181-b13"/>
<property name="java.specification.name" value="Java Platform API Specification"/>
<property name="java.specification.vendor" value="Oracle Corporation"/>
<property name="java.specification.version" value="1.8"/>
<property name="java.vendor" value="Oracle Corporation"/>
<property name="java.vendor.url" value="http://java.oracle.com/"/>
<property name="java.vendor.url.bug" value="http://bugreport.sun.com/bugreport/"/>
<property name="java.version" value="1.8.0_181"/>
<property name="java.vm.info" value="mixed mode"/>
<property name="java.vm.name" value="Java HotSpot(TM) 64-Bit Server VM"/>
<property name="java.vm.specification.name" value="Java Virtual Machine Specification"/>
<property name="java.vm.specification.vendor" value="Oracle Corporation"/>
<property name="java.vm.specification.version" value="1.8"/>
<property name="java.vm.vendor" value="Oracle Corporation"/>
<property name="java.vm.version" value="25.181-b13"/>
<property name="line.separator" value="
"/>
<property name="os.arch" value="amd64"/>
<property name="os.name" value="Windows 10"/>
<property name="os.version" value="10.0"/>
<property name="path.separator" value=";"/>
<property name="sun.arch.data.model" value="64"/>
<property name="sun.boot.class.path" value="C:\Program Files\Java\jdk1.8.0_181\jre\lib\resources.jar;C:\Program Files\Java\jdk1.8.0_181\jre\lib\rt.jar;C:\Program Files\Java\jdk1.8.0_181\jre\lib\sunrsasign.jar;C:\Program Files\Java\jdk1.8.0_181\jre\lib\jsse.jar;C:\Program Files\Java\jdk1.8.0_181\jre\lib\jce.jar;C:\Program Files\Java\jdk1.8.0_181\jre\lib\charsets.jar;C:\Program Files\Java\jdk1.8.0_181\jre\lib\jfr.jar;C:\Program Files\Java\jdk1.8.0_181\jre\classes"/>
<property name="sun.boot.library.path" value="C:\Program Files\Java\jdk1.8.0_181\jre\bin"/>
<property name="sun.cpu.endian" value="little"/>
<property name="sun.cpu.isalist" value="amd64"/>
<property name="sun.desktop" value="windows"/>
<property name="sun.io.unicode.encoding" value="UnicodeLittle"/>
<property name="sun.java.command" value="org.junit.platform.console.ConsoleLauncher --details NONE --scan-class-path C:\Users\Vlad\Projects\pcl-java\build\classes\java\main;C:\Users\Vlad\Projects\pcl-java\build\resources\main;C:\Users\Vlad\Projects\pcl-java\build\classes\java\test;C:\Users\Vlad\Projects\pcl-java\build\resources\test -n ^.*Tests?$ --reports-dir C:\Users\Vlad\Projects\pcl-java\build\test-results\junit-platform"/>
<property name="sun.java.launcher" value="SUN_STANDARD"/>
<property name="sun.jnu.encoding" value="Cp1252"/>
<property name="sun.management.compiler" value="HotSpot 64-Bit Tiered Compilers"/>
<property name="sun.os.patch.level" value=""/>
<property name="user.country" value="US"/>
<property name="user.dir" value="C:\Users\Vlad\Projects\pcl-java"/>
<property name="user.home" value="C:\Users\Vlad"/>
<property name="user.language" value="en"/>
<property name="user.name" value="Vlad"/>
<property name="user.script" value=""/>
<property name="user.timezone" value="Europe/Berlin"/>
<property name="user.variant" value=""/>
</properties>
<testcase name="testAdd()" classname="pcl.PointCloudRGBTest" time="0.011">
<system-out><![CDATA[
unique-id: [engine:junit-jupiter]/[class:pcl.PointCloudRGBTest]/[method:testAdd()]
display-name: testAdd()
]]></system-out>
</testcase>
<testcase name="testGet()" classname="pcl.PointCloudRGBTest" time="0.001">
<system-out><![CDATA[
unique-id: [engine:junit-jupiter]/[class:pcl.PointCloudRGBTest]/[method:testGet()]
display-name: testGet()
]]></system-out>
</testcase>
<testcase name="testClear()" classname="pcl.PointCloudRGBTest" time="0">
<system-out><![CDATA[
unique-id: [engine:junit-jupiter]/[class:pcl.PointCloudRGBTest]/[method:testClear()]
display-name: testClear()
]]></system-out>
</testcase>
<testcase name="cloneTest()" classname="pcl.PointCloudRGBTest" time="0">
<system-out><![CDATA[
unique-id: [engine:junit-jupiter]/[class:pcl.PointCloudRGBTest]/[method:cloneTest()]
display-name: cloneTest()
]]></system-out>
</testcase>
<testcase name="attributeAccessTest()" classname="pcl.PointXYZRGBTest" time="0.001">
<system-out><![CDATA[
unique-id: [engine:junit-jupiter]/[class:pcl.PointXYZRGBTest]/[method:attributeAccessTest()]
display-name: attributeAccessTest()
]]></system-out>
</testcase>
<testcase name="attributeAccessTest()" classname="pcl.PointXYZTest" time="0">
<system-out><![CDATA[
unique-id: [engine:junit-jupiter]/[class:pcl.PointXYZTest]/[method:attributeAccessTest()]
display-name: attributeAccessTest()
]]></system-out>
</testcase>
<system-out><![CDATA[
unique-id: [engine:junit-jupiter]
display-name: JUnit Jupiter
]]></system-out>
</testsuite>
